2026-01-01 03:52:37 - INFO - ========== PROGRAM START ==========
2026-01-01 03:53:16 - INFO - ========== PROGRAM START ==========
2026-01-01 03:53:47 - INFO - ========== PROGRAM START ==========
2026-01-01 03:53:47 - INFO - Imported directory configs
2026-01-01 03:53:47 - INFO - Imported name configs
2026-01-01 03:53:47 - INFO - Imported skip configs
2026-01-01 03:53:47 - INFO - Import source configs
2026-01-01 03:55:08 - INFO - ========== PROGRAM START ==========
2026-01-01 03:56:21 - INFO - ========== PROGRAM START ==========
2026-01-01 03:58:17 - INFO - ========== PROGRAM START ==========
2026-01-01 04:01:18 - INFO - ========== PROGRAM START ==========
2026-01-01 04:01:23 - INFO - ========== PROGRAM START ==========
2026-01-01 04:01:33 - INFO - ========== PROGRAM START ==========
2026-01-01 04:04:27 - INFO - ========== PROGRAM START ==========
2026-01-01 04:08:13 - INFO - ========== PROGRAM START ==========
2026-01-01 04:08:47 - INFO - ========== PROGRAM START ==========
2026-01-01 04:10:00 - INFO - ========== PROGRAM START ==========
2026-01-01 04:10:29 - INFO - ========== PROGRAM START ==========
2026-01-01 04:10:59 - INFO - ========== PROGRAM START ==========
2026-01-01 04:11:59 - INFO - ========== PROGRAM START ==========
2026-01-01 04:13:08 - INFO - ========== PROGRAM START ==========
2026-01-01 04:16:51 - INFO - ========== PROGRAM START ==========
2026-01-01 04:34:50 - INFO - ========== PROGRAM START ==========
2026-01-01 04:36:20 - INFO - ========== PROGRAM START ==========
2026-01-01 04:48:07 - INFO - ========== PROGRAM START ==========
2026-01-01 04:48:35 - INFO - ========== PROGRAM START ==========
2026-01-01 04:48:35 - INFO - Imported directory configs
2026-01-01 04:48:35 - INFO - Imported name configs
2026-01-01 04:48:35 - INFO - Imported skip configs
2026-01-01 04:48:35 - INFO - Import source configs
2026-01-01 04:48:35 - INFO - Backing up files from C:/Users/unloc/Documents/SRC_Test
2026-01-01 04:48:35 - INFO - Backing up C:\Users\unloc\Documents\SRC_Test\Skip.txt
2026-01-01 04:48:35 - INFO - Resolving directory
2026-01-01 04:48:35 - ERROR - Error occured : name 'source_filename' is not defined
2026-01-01 04:49:55 - INFO - ========== PROGRAM START ==========
2026-01-01 04:49:55 - INFO - Imported directory configs
2026-01-01 04:49:55 - INFO - Imported name configs
2026-01-01 04:49:55 - INFO - Imported skip configs
2026-01-01 04:49:55 - INFO - Import source configs
2026-01-01 04:49:55 - INFO - Backing up files from C:/Users/unloc/Documents/SRC_Test
2026-01-01 04:49:55 - INFO - Backing up C:\Users\unloc\Documents\SRC_Test\Skip.txt
2026-01-01 04:49:55 - INFO - Resolving directory
2026-01-01 04:49:55 - ERROR - Error occured : name 'source_filename' is not defined
2026-01-01 04:54:02 - INFO - ========== PROGRAM START ==========
2026-01-01 04:54:02 - INFO - Imported directory configs
2026-01-01 04:54:02 - INFO - Imported name configs
2026-01-01 04:54:02 - INFO - Imported skip configs
2026-01-01 04:54:02 - INFO - Import source configs
2026-01-01 04:54:02 - INFO - Backing up files from C:/Users/unloc/Documents/SRC_Test
2026-01-01 04:54:02 - INFO - Backing up C:\Users\unloc\Documents\SRC_Test\Skip.txt
2026-01-01 04:54:02 - INFO - Resolving directory
2026-01-01 04:54:02 - ERROR - Error occured : 'ResolveParameters' object has no attribute 'dst_dir'
2026-01-01 04:58:32 - INFO - ========== PROGRAM START ==========
2026-01-01 04:58:32 - INFO - Imported directory configs
2026-01-01 04:58:32 - INFO - Imported name configs
2026-01-01 04:58:32 - INFO - Imported skip configs
2026-01-01 04:58:32 - INFO - Import source configs
2026-01-01 04:58:32 - INFO - Backing up files from C:/Users/unloc/Documents/SRC_Test
2026-01-01 04:58:32 - INFO - Backing up C:\Users\unloc\Documents\SRC_Test\Skip.txt
2026-01-01 04:58:32 - INFO - Resolving directory
2026-01-01 04:58:32 - ERROR - Error occured : 'ResolveParameters' object has no attribute 'dst_dir'
2026-01-01 05:00:33 - INFO - ========== PROGRAM START ==========
2026-01-01 05:00:33 - INFO - Imported directory configs
2026-01-01 05:00:33 - INFO - Imported name configs
2026-01-01 05:00:33 - INFO - Imported skip configs
2026-01-01 05:00:33 - INFO - Import source configs
2026-01-01 05:00:33 - INFO - Backing up files from C:/Users/unloc/Documents/SRC_Test
2026-01-01 05:00:33 - INFO - Backing up C:\Users\unloc\Documents\SRC_Test\Skip.txt
2026-01-01 05:00:33 - INFO - Resolving directory
2026-01-01 05:00:33 - INFO -  ===PrefixDestinationConfig===>  ===DefaultDestinationConfig===>  ===OrganizeByCurrentYearConfig===>  ===OrganizeByCreatedYearConfig===> 2025
2026-01-01 05:00:33 - INFO - Resolving filename
2026-01-01 05:00:33 - ERROR - Error occured : 'ResolveParameters' object has no attribute 'dst_dir'
2026-01-01 05:01:17 - INFO - ========== PROGRAM START ==========
2026-01-01 05:01:17 - INFO - Imported directory configs
2026-01-01 05:01:17 - INFO - Imported name configs
2026-01-01 05:01:17 - INFO - Imported skip configs
2026-01-01 05:01:17 - INFO - Import source configs
2026-01-01 05:01:17 - INFO - Backing up files from C:/Users/unloc/Documents/SRC_Test
2026-01-01 05:01:17 - INFO - Backing up C:\Users\unloc\Documents\SRC_Test\Skip.txt
2026-01-01 05:01:17 - INFO - Resolving directory
2026-01-01 05:01:17 - INFO -  ===PrefixDestinationConfig===>  ===DefaultDestinationConfig===>  ===OrganizeByCurrentYearConfig===>  ===OrganizeByCreatedYearConfig===> 2025
2026-01-01 05:01:17 - INFO - Resolving filename
2026-01-01 05:01:17 - INFO - 2025 ===ReplaceFilesConfig===> 2025\Skip.txt
2026-01-01 05:01:17 - INFO - Resolving file inclusion
2026-01-01 05:01:17 - ERROR - Error occured : Config.resolve() takes 2 positional arguments but 4 were given
2026-01-01 05:03:26 - INFO - ========== PROGRAM START ==========
2026-01-01 05:03:26 - INFO - Imported directory configs
2026-01-01 05:03:26 - INFO - Imported name configs
2026-01-01 05:03:26 - INFO - Imported skip configs
2026-01-01 05:03:26 - INFO - Import source configs
2026-01-01 05:03:26 - INFO - Backing up files from C:/Users/unloc/Documents/SRC_Test
2026-01-01 05:03:26 - INFO - Backing up C:\Users\unloc\Documents\SRC_Test\Skip.txt
2026-01-01 05:03:26 - INFO - Resolving directory
2026-01-01 05:03:26 - INFO -  ===PrefixDestinationConfig===>  ===DefaultDestinationConfig===>  ===OrganizeByCurrentYearConfig===>  ===OrganizeByCreatedYearConfig===> 2025
2026-01-01 05:03:26 - INFO - Resolving filename
2026-01-01 05:03:26 - INFO - 2025 ===ReplaceFilesConfig===> 2025\Skip.txt
2026-01-01 05:03:26 - INFO - Resolving file inclusion
2026-01-01 05:03:26 - ERROR - Error occured : name 'src_filename' is not defined
2026-01-01 05:05:44 - INFO - ========== PROGRAM START ==========
2026-01-01 05:05:44 - INFO - Imported directory configs
2026-01-01 05:05:44 - INFO - Imported name configs
2026-01-01 05:05:44 - INFO - Imported skip configs
2026-01-01 05:05:44 - INFO - Import source configs
2026-01-01 05:05:44 - INFO - Backing up files from C:/Users/unloc/Documents/SRC_Test
2026-01-01 05:05:44 - INFO - Backing up C:\Users\unloc\Documents\SRC_Test\Skip.txt
2026-01-01 05:05:44 - INFO - Resolving directory
2026-01-01 05:05:44 - INFO -  ===PrefixDestinationConfig===>  ===DefaultDestinationConfig===>  ===OrganizeByCurrentYearConfig===>  ===OrganizeByCreatedYearConfig===> 2025
2026-01-01 05:05:44 - INFO - Resolving filename
2026-01-01 05:05:44 - INFO - 2025 ===ReplaceFilesConfig===> 2025\Skip.txt
2026-01-01 05:05:44 - INFO - Resolving file inclusion
2026-01-01 05:05:44 - INFO - Skipping Skip.txt because of SkipFilesConfig
2026-01-01 05:05:44 - INFO - Backed up a total of 0 files for the source C:/Users/unloc/Documents/SRC_Test
2026-01-01 05:05:44 - INFO - Backing up files from C:/Users/unloc/Documents/SRC_Test_2
2026-01-01 05:05:44 - INFO - Backing up C:\Users\unloc\Documents\SRC_Test_2\Skip.txt
2026-01-01 05:05:44 - INFO - Resolving directory
2026-01-01 05:05:44 - INFO -  ===PrefixDestinationConfig===>  ===DefaultDestinationConfig===>  ===OrganizeByCurrentYearConfig===>  ===OrganizeByCreatedYearConfig===> 2026
2026-01-01 05:05:44 - INFO - Resolving filename
2026-01-01 05:05:44 - INFO - 2026 ===ReplaceFilesConfig===> 2026\Skip.txt
2026-01-01 05:05:44 - INFO - Resolving file inclusion
2026-01-01 05:05:44 - INFO - Skipping Skip.txt because of SkipFilesConfig
2026-01-01 05:05:44 - INFO - Backed up a total of 0 files for the source C:/Users/unloc/Documents/SRC_Test_2
2026-01-01 05:05:44 - INFO - Backing up files from C:/Users/unloc/Documents/SRC_Test_3
2026-01-01 05:05:44 - INFO - Backed up a total of 0 files for the source C:/Users/unloc/Documents/SRC_Test_3
2026-01-01 05:05:57 - INFO - ========== PROGRAM START ==========
2026-01-01 05:06:27 - INFO - ========== PROGRAM START ==========
2026-01-01 05:06:27 - INFO - Imported directory configs
2026-01-01 05:06:27 - INFO - Imported name configs
2026-01-01 05:06:27 - INFO - Imported skip configs
2026-01-01 05:06:27 - INFO - Import source configs
2026-01-01 05:06:27 - INFO - Backing up files from C:/Users/unloc/Documents/SRC_Test
2026-01-01 05:06:27 - INFO - Backing up C:\Users\unloc\Documents\SRC_Test\Checkech.txt
2026-01-01 05:06:27 - INFO - Resolving directory
2026-01-01 05:06:27 - INFO -  ===PrefixDestinationConfig===>  ===DefaultDestinationConfig===>  ===OrganizeByCurrentYearConfig===>  ===OrganizeByCreatedYearConfig===> 2026
2026-01-01 05:06:27 - INFO - Resolving filename
2026-01-01 05:06:27 - INFO - 2026 ===ReplaceFilesConfig===> 2026\Checkech.txt
2026-01-01 05:06:27 - INFO - Resolving file inclusion
2026-01-01 05:06:27 - INFO - Backing up from C:\Users\unloc\Documents\SRC_Test\Checkech.txt to 2026\Checkech.txt
2026-01-01 05:06:27 - INFO - Backing up C:\Users\unloc\Documents\SRC_Test\Skip.txt
2026-01-01 05:06:27 - INFO - Resolving directory
2026-01-01 05:06:27 - INFO -  ===PrefixDestinationConfig===>  ===DefaultDestinationConfig===>  ===OrganizeByCurrentYearConfig===>  ===OrganizeByCreatedYearConfig===> 2025
2026-01-01 05:06:27 - INFO - Resolving filename
2026-01-01 05:06:27 - INFO - 2025 ===ReplaceFilesConfig===> 2025\Skip.txt
2026-01-01 05:06:27 - INFO - Resolving file inclusion
2026-01-01 05:06:27 - INFO - Skipping Skip.txt because of SkipFilesConfig
2026-01-01 05:06:27 - INFO - Backed up a total of 1 files for the source C:/Users/unloc/Documents/SRC_Test
2026-01-01 05:06:27 - INFO - Backing up files from C:/Users/unloc/Documents/SRC_Test_2
2026-01-01 05:06:27 - INFO - Backing up C:\Users\unloc\Documents\SRC_Test_2\Skip.txt
2026-01-01 05:06:27 - INFO - Resolving directory
2026-01-01 05:06:27 - INFO -  ===PrefixDestinationConfig===>  ===DefaultDestinationConfig===>  ===OrganizeByCurrentYearConfig===>  ===OrganizeByCreatedYearConfig===> 2026
2026-01-01 05:06:27 - INFO - Resolving filename
2026-01-01 05:06:27 - INFO - 2026 ===ReplaceFilesConfig===> 2026\Skip.txt
2026-01-01 05:06:27 - INFO - Resolving file inclusion
2026-01-01 05:06:27 - INFO - Skipping Skip.txt because of SkipFilesConfig
2026-01-01 05:06:27 - INFO - Backed up a total of 0 files for the source C:/Users/unloc/Documents/SRC_Test_2
2026-01-01 05:06:27 - INFO - Backing up files from C:/Users/unloc/Documents/SRC_Test_3
2026-01-01 05:06:27 - INFO - Backed up a total of 0 files for the source C:/Users/unloc/Documents/SRC_Test_3
2026-01-01 05:08:27 - INFO - ========== PROGRAM START ==========
2026-01-01 05:11:26 - INFO - ========== PROGRAM START ==========
2026-01-01 05:11:26 - INFO - Imported directory configs
2026-01-01 05:11:26 - INFO - Imported name configs
2026-01-01 05:11:26 - INFO - Imported skip configs
2026-01-01 05:11:26 - INFO - Import source configs
2026-01-01 05:11:26 - INFO - Backing up files from C:/Users/unloc/Documents/SRC_Test
2026-01-01 05:11:26 - INFO - Backing up C:\Users\unloc\Documents\SRC_Test\Skip.txt
2026-01-01 05:11:26 - INFO - Resolving directory
2026-01-01 05:11:26 - INFO -  ===PrefixDestinationConfig===>  ===DefaultDestinationConfig===>  ===OrganizeByCurrentYearConfig===>  ===OrganizeByCreatedYearConfig===> 2025
2026-01-01 05:11:26 - INFO - Resolving filename
2026-01-01 05:11:26 - INFO - 2025 ===ReplaceFilesConfig===> 2025\Skip.txt
2026-01-01 05:11:26 - INFO - Resolving file inclusion
2026-01-01 05:11:26 - INFO - Skipping Skip.txt because of SkipFilesConfig
2026-01-01 05:11:26 - INFO - Backed up a total of 0 files for the source C:/Users/unloc/Documents/SRC_Test
2026-01-01 05:11:26 - INFO - Backing up files from C:/Users/unloc/Documents/SRC_Test_2
2026-01-01 05:11:26 - INFO - Backing up C:\Users\unloc\Documents\SRC_Test_2\Skip.txt
2026-01-01 05:11:26 - INFO - Resolving directory
2026-01-01 05:11:26 - INFO -  ===PrefixDestinationConfig===>  ===DefaultDestinationConfig===>  ===OrganizeByCurrentYearConfig===>  ===OrganizeByCreatedYearConfig===> 2026
2026-01-01 05:11:26 - INFO - Resolving filename
2026-01-01 05:11:26 - INFO - 2026 ===ReplaceFilesConfig===> 2026\Skip.txt
2026-01-01 05:11:26 - INFO - Resolving file inclusion
2026-01-01 05:11:26 - INFO - Skipping Skip.txt because of SkipFilesConfig
2026-01-01 05:11:26 - INFO - Backed up a total of 0 files for the source C:/Users/unloc/Documents/SRC_Test_2
2026-01-01 05:11:26 - INFO - Backing up files from C:/Users/unloc/Documents/SRC_Test_3
2026-01-01 05:11:26 - INFO - Backed up a total of 0 files for the source C:/Users/unloc/Documents/SRC_Test_3
2026-01-01 05:34:52 - INFO - ========== PROGRAM START ==========
2026-01-01 05:34:52 - INFO - Imported directory configs
2026-01-01 05:34:52 - INFO - Imported name configs
2026-01-01 05:34:52 - INFO - Imported skip configs
2026-01-01 05:34:52 - INFO - Import source configs
2026-01-01 05:34:52 - INFO - Backing up files from C:/Users/unloc/Documents/SRC_Test
2026-01-01 05:34:52 - INFO - Backing up C:\Users\unloc\Documents\SRC_Test\Skip.txt
2026-01-01 05:34:52 - INFO - Resolving directory
2026-01-01 05:34:52 - ERROR - Error occured : name 'toc' is not defined
2026-01-01 05:35:52 - INFO - ========== PROGRAM START ==========
2026-01-01 05:35:52 - INFO - Imported directory configs
2026-01-01 05:35:52 - INFO - Imported name configs
2026-01-01 05:35:52 - INFO - Imported skip configs
2026-01-01 05:35:52 - INFO - Import source configs
2026-01-01 05:35:52 - INFO - Backing up files from C:/Users/unloc/Documents/SRC_Test
2026-01-01 05:35:52 - INFO - Backing up C:\Users\unloc\Documents\SRC_Test\Skip.txt
2026-01-01 05:35:52 - INFO - Resolving directory
2026-01-01 05:35:52 - INFO - Warning: OrganizeByCurrentYearConfig encounted the invalid directory: 
2026-01-01 05:35:52 - INFO - Warning: OrganizeByCreatedYearConfig encountered the invalid directory: 
2026-01-01 05:35:52 - INFO -  ===PrefixDestinationConfig===>  ===DefaultDestinationConfig===>  ===OrganizeByCurrentYearConfig===>  ===OrganizeByCreatedYearConfig===> 
2026-01-01 05:35:52 - INFO - Resolving filename
2026-01-01 05:35:52 - INFO -  ===ReplaceFilesConfig===> Skip.txt
2026-01-01 05:35:52 - INFO - Resolving file inclusion
2026-01-01 05:35:52 - INFO - Skipping Skip.txt because of SkipFilesConfig
2026-01-01 05:35:52 - INFO - Backed up a total of 0 files for the source C:/Users/unloc/Documents/SRC_Test
2026-01-01 05:35:52 - INFO - Backing up files from C:/Users/unloc/Documents/SRC_Test_2
2026-01-01 05:35:52 - INFO - Backing up C:\Users\unloc\Documents\SRC_Test_2\Skip.txt
2026-01-01 05:35:52 - INFO - Resolving directory
2026-01-01 05:35:52 - INFO - Warning: OrganizeByCurrentYearConfig encounted the invalid directory: 
2026-01-01 05:35:52 - INFO - Warning: OrganizeByCreatedYearConfig encountered the invalid directory: 
2026-01-01 05:35:52 - INFO -  ===PrefixDestinationConfig===>  ===DefaultDestinationConfig===>  ===OrganizeByCurrentYearConfig===>  ===OrganizeByCreatedYearConfig===> 
2026-01-01 05:35:52 - INFO - Resolving filename
2026-01-01 05:35:52 - INFO -  ===ReplaceFilesConfig===> Skip.txt
2026-01-01 05:35:52 - INFO - Resolving file inclusion
2026-01-01 05:35:52 - INFO - Skipping Skip.txt because of SkipFilesConfig
2026-01-01 05:35:52 - INFO - Backed up a total of 0 files for the source C:/Users/unloc/Documents/SRC_Test_2
2026-01-01 05:35:52 - INFO - Backing up files from C:/Users/unloc/Documents/SRC_Test_3
2026-01-01 05:35:52 - INFO - Backed up a total of 0 files for the source C:/Users/unloc/Documents/SRC_Test_3
2026-01-01 05:36:55 - INFO - ========== PROGRAM START ==========
2026-01-01 05:37:36 - INFO - ========== PROGRAM START ==========
2026-01-01 05:37:36 - INFO - Imported directory configs
2026-01-01 05:37:36 - INFO - Imported name configs
2026-01-01 05:37:36 - INFO - Imported skip configs
2026-01-01 05:37:36 - INFO - Import source configs
2026-01-01 05:37:36 - INFO - Backing up files from C:/Users/unloc/Documents/SRC_Test
2026-01-01 05:37:36 - INFO - Backing up C:\Users\unloc\Documents\SRC_Test\Hahaha.txt
2026-01-01 05:37:36 - INFO - Resolving directory
2026-01-01 05:37:36 - INFO - Warning: OrganizeByCurrentYearConfig encounted the invalid directory: 
2026-01-01 05:37:36 - INFO - Warning: OrganizeByCreatedYearConfig encountered the invalid directory: 
2026-01-01 05:37:36 - INFO -  ===PrefixDestinationConfig===>  ===DefaultDestinationConfig===>  ===OrganizeByCurrentYearConfig===>  ===OrganizeByCreatedYearConfig===> 
2026-01-01 05:37:36 - INFO - Resolving filename
2026-01-01 05:37:36 - INFO -  ===ReplaceFilesConfig===> Hahaha.txt
2026-01-01 05:37:36 - INFO - Resolving file inclusion
2026-01-01 05:37:36 - INFO - Backing up from C:\Users\unloc\Documents\SRC_Test\Hahaha.txt to Hahaha.txt
2026-01-01 05:37:36 - INFO - Backing up C:\Users\unloc\Documents\SRC_Test\Skip.txt
2026-01-01 05:37:36 - INFO - Resolving directory
2026-01-01 05:37:36 - INFO - Warning: OrganizeByCurrentYearConfig encounted the invalid directory: 
2026-01-01 05:37:36 - INFO - Warning: OrganizeByCreatedYearConfig encountered the invalid directory: 
2026-01-01 05:37:36 - INFO -  ===PrefixDestinationConfig===>  ===DefaultDestinationConfig===>  ===OrganizeByCurrentYearConfig===>  ===OrganizeByCreatedYearConfig===> 
2026-01-01 05:37:36 - INFO - Resolving filename
2026-01-01 05:37:36 - INFO -  ===ReplaceFilesConfig===> Skip.txt
2026-01-01 05:37:36 - INFO - Resolving file inclusion
2026-01-01 05:37:36 - INFO - Skipping Skip.txt because of SkipFilesConfig
2026-01-01 05:37:36 - INFO - Backed up a total of 1 files for the source C:/Users/unloc/Documents/SRC_Test
2026-01-01 05:37:36 - INFO - Backing up files from C:/Users/unloc/Documents/SRC_Test_2
2026-01-01 05:37:36 - INFO - Backing up C:\Users\unloc\Documents\SRC_Test_2\Skip.txt
2026-01-01 05:37:36 - INFO - Resolving directory
2026-01-01 05:37:36 - INFO - Warning: OrganizeByCurrentYearConfig encounted the invalid directory: 
2026-01-01 05:37:36 - INFO - Warning: OrganizeByCreatedYearConfig encountered the invalid directory: 
2026-01-01 05:37:36 - INFO -  ===PrefixDestinationConfig===>  ===DefaultDestinationConfig===>  ===OrganizeByCurrentYearConfig===>  ===OrganizeByCreatedYearConfig===> 
2026-01-01 05:37:36 - INFO - Resolving filename
2026-01-01 05:37:36 - INFO -  ===ReplaceFilesConfig===> Skip.txt
2026-01-01 05:37:36 - INFO - Resolving file inclusion
2026-01-01 05:37:36 - INFO - Skipping Skip.txt because of SkipFilesConfig
2026-01-01 05:37:36 - INFO - Backed up a total of 0 files for the source C:/Users/unloc/Documents/SRC_Test_2
2026-01-01 05:37:36 - INFO - Backing up files from C:/Users/unloc/Documents/SRC_Test_3
2026-01-01 05:37:36 - INFO - Backing up C:\Users\unloc\Documents\SRC_Test_3\YOSHAAAAAAA.txt
2026-01-01 05:37:36 - INFO - Resolving directory
2026-01-01 05:37:36 - INFO - Prefix 'YOSH' matched with YOSHAAAAAAA.txt
2026-01-01 05:37:36 - INFO -  ===PrefixDestinationConfig===> C:/Users/unloc/Documents/YOSHA ===DefaultDestinationConfig===> C:/Users/unloc/Documents/YOSHA ===OrganizeByCurrentYearConfig===> C:/Users/unloc/Documents/YOSHA ===OrganizeByCreatedYearConfig===> C:/Users/unloc/Documents/YOSHA\2026
2026-01-01 05:37:36 - INFO - Resolving filename
2026-01-01 05:37:36 - INFO - C:/Users/unloc/Documents/YOSHA\2026 ===ReplaceFilesConfig===> C:/Users/unloc/Documents/YOSHA\2026\YOSHAAAAAAA(1).txt
2026-01-01 05:37:36 - INFO - Resolving file inclusion
2026-01-01 05:37:36 - INFO - Backing up from C:\Users\unloc\Documents\SRC_Test_3\YOSHAAAAAAA.txt to C:/Users/unloc/Documents/YOSHA\2026\YOSHAAAAAAA(1).txt
2026-01-01 05:37:36 - INFO - Backed up a total of 1 files for the source C:/Users/unloc/Documents/SRC_Test_3
2026-01-01 05:44:13 - INFO - ========== PROGRAM START ==========
2026-01-01 05:44:13 - INFO - Imported directory configs
2026-01-01 05:44:13 - INFO - Imported name configs
2026-01-01 05:44:13 - INFO - Imported skip configs
2026-01-01 05:44:13 - INFO - Import source configs
2026-01-01 05:44:14 - INFO - Backing up files from C:/Users/unloc/Documents/SRC_Test
2026-01-01 05:44:14 - INFO - Backing up C:\Users\unloc\Documents\SRC_Test\Skip.txt
2026-01-01 05:44:14 - INFO - Resolving directory
2026-01-01 05:44:14 - INFO - Warning: OrganizeByCurrentYearConfig encounted the invalid directory: 
2026-01-01 05:44:14 - INFO - Warning: OrganizeByCreatedYearConfig encountered the invalid directory: 
2026-01-01 05:44:14 - INFO -  ===PrefixDestinationConfig===>  ===DefaultDestinationConfig===>  ===OrganizeByCurrentYearConfig===>  ===OrganizeByCreatedYearConfig===> 
2026-01-01 05:44:14 - INFO - Resolving filename
2026-01-01 05:44:14 - INFO -  ===ReplaceFilesConfig===> Skip.txt
2026-01-01 05:44:14 - INFO - Resolving file inclusion
2026-01-01 05:44:14 - INFO - Skipping Skip.txt because of SkipFilesConfig
2026-01-01 05:44:14 - INFO - Backing up C:\Users\unloc\Documents\SRC_Test\YOSHAA.txt
2026-01-01 05:44:14 - INFO - Resolving directory
2026-01-01 05:44:14 - INFO - Prefix 'YOSH' matched with YOSHAA.txt
2026-01-01 05:44:14 - INFO -  ===PrefixDestinationConfig===> C:/Users/unloc/Documents/YOSHA ===DefaultDestinationConfig===> C:/Users/unloc/Documents/YOSHA ===OrganizeByCurrentYearConfig===> C:/Users/unloc/Documents/YOSHA ===OrganizeByCreatedYearConfig===> C:/Users/unloc/Documents/YOSHA\2026
2026-01-01 05:44:14 - INFO - Resolving filename
2026-01-01 05:44:14 - INFO - C:/Users/unloc/Documents/YOSHA\2026 ===ReplaceFilesConfig===> C:/Users/unloc/Documents/YOSHA\2026\YOSHAA.txt
2026-01-01 05:44:14 - INFO - Resolving file inclusion
2026-01-01 05:44:14 - INFO - Backing up from C:\Users\unloc\Documents\SRC_Test\YOSHAA.txt to C:/Users/unloc/Documents/YOSHA\2026\YOSHAA.txt
2026-01-01 05:44:14 - INFO - Backed up a total of 1 files for the source C:/Users/unloc/Documents/SRC_Test
2026-01-01 05:44:14 - INFO - Backing up files from C:/Users/unloc/Documents/SRC_Test_2
2026-01-01 05:44:14 - INFO - Backing up C:\Users\unloc\Documents\SRC_Test_2\Skip.txt
2026-01-01 05:44:14 - INFO - Resolving directory
2026-01-01 05:44:14 - INFO - Warning: OrganizeByCurrentYearConfig encounted the invalid directory: 
2026-01-01 05:44:14 - INFO - Warning: OrganizeByCreatedYearConfig encountered the invalid directory: 
2026-01-01 05:44:14 - INFO -  ===PrefixDestinationConfig===>  ===DefaultDestinationConfig===>  ===OrganizeByCurrentYearConfig===>  ===OrganizeByCreatedYearConfig===> 
2026-01-01 05:44:14 - INFO - Resolving filename
2026-01-01 05:44:14 - INFO -  ===ReplaceFilesConfig===> Skip.txt
2026-01-01 05:44:14 - INFO - Resolving file inclusion
2026-01-01 05:44:14 - INFO - Skipping Skip.txt because of SkipFilesConfig
2026-01-01 05:44:14 - INFO - Backed up a total of 0 files for the source C:/Users/unloc/Documents/SRC_Test_2
2026-01-01 05:44:14 - INFO - Backing up files from C:/Users/unloc/Documents/SRC_Test_3
2026-01-01 05:44:14 - INFO - Backed up a total of 0 files for the source C:/Users/unloc/Documents/SRC_Test_3
2026-01-01 05:46:08 - INFO - ========== PROGRAM START ==========
2026-01-01 05:56:43 - INFO - ========== PROGRAM START ==========
2026-01-01 05:56:43 - INFO - Imported directory configs
2026-01-01 05:56:43 - INFO - Imported name configs
2026-01-01 05:56:43 - INFO - Imported skip configs
2026-01-01 05:56:43 - INFO - Import source configs
2026-01-01 05:56:43 - INFO - Backing up files from C:/Users/unloc/Documents/SRC_Test
2026-01-01 05:56:43 - INFO - Backing up C:\Users\unloc\Documents\SRC_Test\asda.txt
2026-01-01 05:56:43 - INFO - Resolving directory
2026-01-01 05:56:43 - INFO - Warning: OrganizeByCurrentYearConfig encounted the invalid directory: 
2026-01-01 05:56:43 - INFO - Warning: OrganizeByCreatedYearConfig encountered the invalid directory: 
2026-01-01 05:56:43 - INFO -  ===PrefixDestinationConfig===>  ===DefaultDestinationConfig===>  ===OrganizeByCurrentYearConfig===>  ===OrganizeByCreatedYearConfig===> 
2026-01-01 05:56:43 - INFO - Resolving filename
2026-01-01 05:56:43 - INFO -  ===ReplaceFilesConfig===> asda.txt
2026-01-01 05:56:43 - INFO - Resolving file inclusion
2026-01-01 05:56:43 - WARNING - WARNING:C:\Users\unloc\Documents\SRC_Test\asda.txt doesn't have a destination..
 ACTION REQUIRED: Notify maintainer.
2026-01-01 05:56:56 - ERROR - Error occured : C:\Users\unloc\Documents\SRC_Test\asda.txt doesn't have a destination.
2026-01-01 06:37:49 - INFO - ========== PROGRAM START ==========
2026-01-01 06:37:49 - INFO - Imported directory configs
2026-01-01 06:37:49 - INFO - Imported name configs
2026-01-01 06:37:49 - INFO - Error occured: cannot import name 'DefaultDestinationConfig' from 'directory_configs' (C:\Users\unloc\Github\EDM_Backup\directory_configs\__init__.py)
2026-01-01 06:37:49 - ERROR - Error occured : name 'SOURCE_CONFIGS' is not defined
2026-01-01 06:39:05 - INFO - ========== PROGRAM START ==========
2026-01-01 06:39:05 - INFO - Imported directory configs
2026-01-01 06:39:05 - INFO - Imported name configs
2026-01-01 06:39:05 - INFO - Imported skip configs
2026-01-01 06:39:05 - INFO - Import source configs
2026-01-01 06:39:05 - INFO - Backing up files from C:/Users/unloc/Documents/SRC_Test
2026-01-01 06:39:05 - INFO - Backing up C:\Users\unloc\Documents\SRC_Test\asda.txt
2026-01-01 06:39:05 - INFO - Resolving directory
2026-01-01 06:39:05 - INFO - Warning: OrganizeByCurrentYearConfig encounted the invalid directory: 
2026-01-01 06:39:05 - INFO - Warning: OrganizeByCreatedYearConfig encountered the invalid directory: 
2026-01-01 06:39:05 - INFO -  ===PrefixDestinationConfig===>  ===DefaultDestinationConfig===>  ===OrganizeByCurrentYearConfig===>  ===OrganizeByCreatedYearConfig===> 
2026-01-01 06:39:05 - INFO - Resolving filename
2026-01-01 06:39:05 - INFO -  ===ReplaceFilesConfig===> asda.txt
2026-01-01 06:39:05 - INFO - Resolving file inclusion
2026-01-01 06:39:05 - INFO - Failed to back up the file 'C:\Users\unloc\Documents\SRC_Test\asda.txt'. Could not resolve destination. Notify Ryan or whoever is maintaining the backup scripts. Press enter to continue.
2026-01-01 06:39:55 - INFO - Skipping asda.txt because of SkipDestinationUndefinedConfig
2026-01-01 06:39:55 - INFO - Backing up C:\Users\unloc\Documents\SRC_Test\Skip.txt
2026-01-01 06:39:55 - INFO - Resolving directory
2026-01-01 06:39:55 - INFO - Warning: OrganizeByCurrentYearConfig encounted the invalid directory: 
2026-01-01 06:39:55 - INFO - Warning: OrganizeByCreatedYearConfig encountered the invalid directory: 
2026-01-01 06:39:55 - INFO -  ===PrefixDestinationConfig===>  ===DefaultDestinationConfig===>  ===OrganizeByCurrentYearConfig===>  ===OrganizeByCreatedYearConfig===> 
2026-01-01 06:39:55 - INFO - Resolving filename
2026-01-01 06:39:55 - INFO -  ===ReplaceFilesConfig===> Skip.txt
2026-01-01 06:39:55 - INFO - Resolving file inclusion
2026-01-01 06:39:55 - INFO - Skipping Skip.txt because of SkipFilesConfig
2026-01-01 06:39:55 - INFO - Backed up a total of 0 files for the source C:/Users/unloc/Documents/SRC_Test
2026-01-01 06:39:55 - INFO - Backing up files from C:/Users/unloc/Documents/SRC_Test_2
2026-01-01 06:39:55 - INFO - Backing up C:\Users\unloc\Documents\SRC_Test_2\Skip.txt
2026-01-01 06:39:55 - INFO - Resolving directory
2026-01-01 06:39:55 - INFO - Warning: OrganizeByCurrentYearConfig encounted the invalid directory: 
2026-01-01 06:39:55 - INFO - Warning: OrganizeByCreatedYearConfig encountered the invalid directory: 
2026-01-01 06:39:55 - INFO -  ===PrefixDestinationConfig===>  ===DefaultDestinationConfig===>  ===OrganizeByCurrentYearConfig===>  ===OrganizeByCreatedYearConfig===> 
2026-01-01 06:39:55 - INFO - Resolving filename
2026-01-01 06:39:55 - INFO -  ===ReplaceFilesConfig===> Skip.txt
2026-01-01 06:39:55 - INFO - Resolving file inclusion
2026-01-01 06:39:55 - INFO - Skipping Skip.txt because of SkipFilesConfig
2026-01-01 06:39:55 - INFO - Backed up a total of 0 files for the source C:/Users/unloc/Documents/SRC_Test_2
2026-01-01 06:39:55 - INFO - Backing up files from C:/Users/unloc/Documents/SRC_Test_3
2026-01-01 06:39:55 - INFO - Backed up a total of 0 files for the source C:/Users/unloc/Documents/SRC_Test_3
2026-01-01 06:40:35 - INFO - ========== PROGRAM START ==========
2026-01-01 06:41:56 - INFO - ========== PROGRAM START ==========
2026-01-01 06:42:07 - INFO - ========== PROGRAM START ==========
2026-01-01 06:42:20 - INFO - ========== PROGRAM START ==========
2026-01-01 07:31:15 - INFO - ========== PROGRAM START ==========
2026-01-01 07:33:06 - INFO - ========== PROGRAM START ==========
2026-01-01 07:35:47 - INFO - ========== PROGRAM START ==========
2026-01-01 07:37:47 - INFO - ========== PROGRAM START ==========
2026-01-01 07:55:25 - INFO - ========== PROGRAM START ==========
2026-01-01 08:18:20 - INFO - Backing up files from C:/Users/unloc/Documents/SRC_Test_3
2026-01-01 08:18:20 - INFO - Backed up a total of 0 files for the source C:/Users/unloc/Documents/SRC_Test_3
2026-01-01 08:18:39 - INFO - Backing up files from C:/Users/unloc/Documents/SRC_Test_3
2026-01-01 08:18:39 - INFO - Backing up C:\Users\unloc\Documents\SRC_Test_3\asdw.txt
2026-01-01 08:18:39 - INFO - Resolving directory
2026-01-01 08:18:54 - INFO - Warning: OrganizeByCurrentYearConfig encounted the invalid directory: 
2026-01-01 08:19:21 - INFO - Warning: OrganizeByCreatedYearConfig encountered the invalid directory: 
2026-01-01 08:19:21 - INFO -  ===PrefixDestinationConfig===>  ===DefaultDestinationConfig===>  ===OrganizeByCurrentYearConfig===>  ===OrganizeByCreatedYearConfig===> 
2026-01-01 08:19:21 - INFO - Resolving filename
2026-01-01 08:19:21 - INFO -  ===ReplaceFilesConfig===> asdw.txt
2026-01-01 08:19:21 - INFO - Resolving file inclusion
2026-01-01 08:19:21 - WARNING - Failed to back up the file 'C:\Users\unloc\Documents\SRC_Test_3\asdw.txt'. Could not resolve destination. Notify Ryan or whoever is maintaining the backup scripts. Press enter to continue.
2026-01-01 08:19:21 - INFO - Failed to back up the file 'C:\Users\unloc\Documents\SRC_Test_3\asdw.txt'. Could not resolve destination. Notify Ryan or whoever is maintaining the backup scripts. Press enter to continue.
2026-01-01 08:19:32 - INFO - Skipping asdw.txt because of SkipDestinationUndefinedConfig
2026-01-01 08:19:32 - INFO - Backed up a total of 0 files for the source C:/Users/unloc/Documents/SRC_Test_3
2026-01-01 08:28:16 - ERROR - Error occured : [WinError 3] The system cannot find the path specified: 'C:/Users/unloc/Documents/SRC_Test_3'
2026-01-01 08:34:40 - INFO - The folder to back up doesn't exist
2026-01-01 08:46:10 - ERROR - The source {resolve_params.config_value} doesn't exist. Did your folder structure change ? Please reset your source.
2026-01-01 08:46:39 - ERROR - The source (No Value) doesn't exist. Did your folder structure change ? Please reset your source.
2026-01-01 08:49:34 - ERROR - The source C:/Users/unloc/Documents/SRC_Test_2 doesn't exist. Did your folder structure change ? Please reset your source.
2026-01-01 08:50:08 - ERROR - Error occured : [WinError 3] The system cannot find the path specified: '(No Value)'
2026-01-01 08:53:05 - ERROR - The source C:/Users/unloc/Documents/YOSHA/2026 doesn't exist. Did your folder structure change ? Please reset your source.
2026-01-01 08:54:45 - ERROR - The source 'C:/Users/unloc/Documents/SRC_Test' does not exist. Did your folder structure change ? Please replace or remove it. 
2026-01-01 08:55:07 - ERROR - The source 'C:/Users/unloc/Documents/YOSHA' does not exist. Did your folder structure change ? Please replace or remove it. 
2026-01-01 08:55:09 - ERROR - Error occured : [WinError 3] The system cannot find the path specified: 'C:/Users/unloc/Documents/SRC_Test'
2026-01-01 09:03:33 - ERROR - The source 'C:/Users/unloc/Documents/SRC_Test' does not exist. Did your folder structure change? Please replace or remove it.
2026-01-01 09:05:11 - ERROR - The source 'C:/Users/unloc/Documents/YOSHA' does not exist. Did your folder structure change? Please replace or remove it.
2026-01-01 09:20:15 - INFO - Backing up files from C:/Users/unloc/Documents/SRC
2026-01-01 09:20:15 - INFO - Backing up C:\Users\unloc\Documents\SRC\Chill.txt
2026-01-01 09:20:15 - INFO - Resolving directory
2026-01-01 09:20:15 - INFO - Prefix 'Chill' matched with Chill.txt
2026-01-01 09:20:15 - ERROR - The destination folder 'C:/Users/unloc/Documents/Hiiya' of the prefix 'Chill' does not exist. Did your folder structure change ? Please replace the folder or remove the prefix, 
2026-01-01 09:21:38 - ERROR - Error occured : PrefixDestinationConfig.resolve_helper() missing 1 required positional argument: 'resolve_params'
2026-01-01 09:22:31 - INFO - Backing up files from C:/Users/unloc/Documents/SRC
2026-01-01 09:22:31 - INFO - Backing up C:\Users\unloc\Documents\SRC\Chill.txt
2026-01-01 09:22:31 - INFO - Resolving directory
2026-01-01 09:22:31 - INFO - Prefix 'Chill' matched with Chill.txt
2026-01-01 09:22:31 - INFO -  ===PrefixDestinationConfig===> C:/Users/unloc/Desktop/ENGL 103 ===DefaultDestinationConfig===> C:/Users/unloc/Desktop/ENGL 103 ===OrganizeByCurrentYearConfig===> C:/Users/unloc/Desktop/ENGL 103 ===OrganizeByCreatedYearConfig===> C:/Users/unloc/Desktop/ENGL 103\2026
2026-01-01 09:22:31 - INFO - Resolving filename
2026-01-01 09:22:31 - INFO - C:/Users/unloc/Desktop/ENGL 103\2026 ===ReplaceFilesConfig===> C:/Users/unloc/Desktop/ENGL 103\2026\Chill.txt
2026-01-01 09:22:31 - INFO - Resolving file inclusion
2026-01-01 09:22:31 - INFO - Backing up from C:\Users\unloc\Documents\SRC\Chill.txt to C:/Users/unloc/Desktop/ENGL 103\2026\Chill.txt
2026-01-01 09:22:31 - INFO - Backing up C:\Users\unloc\Documents\SRC\Tan.txt
2026-01-01 09:22:31 - INFO - Resolving directory
2026-01-01 09:22:31 - INFO - Prefix 'Tan' matched with Tan.txt
2026-01-01 09:22:31 - ERROR - The destination folder 'C:/Users/unloc/Documents/DST_Test' of the prefix 'Tan' does not exist. Did your folder structure change ? Please replace the folder or remove the prefix, 
2026-01-01 09:23:37 - INFO - Warning: OrganizeByCurrentYearConfig encounted the invalid directory: 
2026-01-01 09:23:37 - INFO - Warning: OrganizeByCreatedYearConfig encountered the invalid directory: 
2026-01-01 09:23:37 - INFO -  ===PrefixDestinationConfig===>  ===DefaultDestinationConfig===>  ===OrganizeByCurrentYearConfig===>  ===OrganizeByCreatedYearConfig===> 
2026-01-01 09:23:37 - INFO - Resolving filename
2026-01-01 09:23:37 - INFO -  ===ReplaceFilesConfig===> Tan.txt
2026-01-01 09:23:37 - INFO - Resolving file inclusion
2026-01-01 09:23:37 - INFO - Failed to back up the file 'C:\Users\unloc\Documents\SRC\Tan.txt'. Could not resolve destination. Notify Ryan or whoever is maintaining the backup scripts. Press enter to continue.
2026-01-01 09:24:34 - INFO - Skipping Tan.txt because of SkipDestinationUndefinedConfig
2026-01-01 09:24:34 - INFO - Backed up a total of 1 files for the source C:/Users/unloc/Documents/SRC
2026-01-01 09:26:06 - INFO - Backing up files from C:/Users/unloc/Documents/SRC
2026-01-01 09:26:06 - INFO - Backing up C:\Users\unloc\Documents\SRC\Chill.txt
2026-01-01 09:26:06 - INFO - Resolving directory
2026-01-01 09:26:06 - INFO - Prefix 'Chill' matched with Chill.txt
2026-01-01 09:26:06 - INFO -  ===PrefixDestinationConfig===> C:/Users/unloc/Documents/SRC ===DefaultDestinationConfig===> C:/Users/unloc/Documents/SRC ===OrganizeByCurrentYearConfig===> C:/Users/unloc/Documents/SRC ===OrganizeByCreatedYearConfig===> C:/Users/unloc/Documents/SRC\2026
2026-01-01 09:26:06 - INFO - Resolving filename
2026-01-01 09:26:06 - INFO - C:/Users/unloc/Documents/SRC\2026 ===ReplaceFilesConfig===> C:/Users/unloc/Documents/SRC\2026\Chill.txt
2026-01-01 09:26:06 - INFO - Resolving file inclusion
2026-01-01 09:26:06 - INFO - Backing up from C:\Users\unloc\Documents\SRC\Chill.txt to C:/Users/unloc/Documents/SRC\2026\Chill.txt
2026-01-01 09:26:06 - INFO - Backing up C:\Users\unloc\Documents\SRC\Tan.txt
2026-01-01 09:26:06 - INFO - Resolving directory
2026-01-01 09:26:06 - INFO - Prefix 'Tan' matched with Tan.txt
2026-01-01 09:26:06 - INFO -  ===PrefixDestinationConfig===> C:/Users/unloc/Documents/SRC ===DefaultDestinationConfig===> C:/Users/unloc/Documents/SRC ===OrganizeByCurrentYearConfig===> C:/Users/unloc/Documents/SRC ===OrganizeByCreatedYearConfig===> C:/Users/unloc/Documents/SRC\2026
2026-01-01 09:26:06 - INFO - Resolving filename
2026-01-01 09:26:06 - INFO - C:/Users/unloc/Documents/SRC\2026 ===ReplaceFilesConfig===> C:/Users/unloc/Documents/SRC\2026\Tan.txt
2026-01-01 09:26:06 - INFO - Resolving file inclusion
2026-01-01 09:26:06 - INFO - Backing up from C:\Users\unloc\Documents\SRC\Tan.txt to C:/Users/unloc/Documents/SRC\2026\Tan.txt
2026-01-01 09:26:06 - INFO - Backed up a total of 2 files for the source C:/Users/unloc/Documents/SRC
2026-01-01 09:28:08 - INFO - Backing up files from C:/Users/unloc/Documents/asd
2026-01-01 09:28:08 - INFO - Backing up C:\Users\unloc\Documents\asd\Chill.txt
2026-01-01 09:28:08 - INFO - Resolving directory
2026-01-01 09:28:08 - INFO - Prefix 'Chill' matched with Chill.txt
2026-01-01 09:28:08 - ERROR - The destination folder 'C:/Users/unloc/Documents/SRC' of the prefix 'Chill' does not exist. Did your folder structure change ? Please replace the folder or remove the prefix, 
2026-01-01 09:28:38 - INFO - Prefix 'Chill' matched with Chill.txt
2026-01-01 09:28:38 - ERROR - The destination folder 'C:/Users/unloc/Documents/SRC' of the prefix 'Chill' does not exist. Did your folder structure change ? Please replace the folder or remove the prefix, 
2026-01-01 09:28:58 - INFO - Warning: OrganizeByCurrentYearConfig encounted the invalid directory: 
2026-01-01 09:28:58 - INFO - Warning: OrganizeByCreatedYearConfig encountered the invalid directory: 
2026-01-01 09:28:58 - INFO -  ===PrefixDestinationConfig===>  ===DefaultDestinationConfig===>  ===OrganizeByCurrentYearConfig===>  ===OrganizeByCreatedYearConfig===> 
2026-01-01 09:28:58 - INFO - Resolving filename
2026-01-01 09:28:58 - INFO -  ===ReplaceFilesConfig===> Chill.txt
2026-01-01 09:28:58 - INFO - Resolving file inclusion
2026-01-01 09:28:58 - INFO - Failed to back up the file 'C:\Users\unloc\Documents\asd\Chill.txt'. Could not resolve destination. Notify Ryan or whoever is maintaining the backup scripts. Press enter to continue.
2026-01-01 09:29:05 - INFO - Skipping Chill.txt because of SkipDestinationUndefinedConfig
2026-01-01 09:29:05 - INFO - Backing up C:\Users\unloc\Documents\asd\Tan.txt
2026-01-01 09:29:05 - INFO - Resolving directory
2026-01-01 09:29:05 - INFO - Warning: OrganizeByCurrentYearConfig encounted the invalid directory: 
2026-01-01 09:29:05 - INFO - Warning: OrganizeByCreatedYearConfig encountered the invalid directory: 
2026-01-01 09:29:05 - INFO -  ===PrefixDestinationConfig===>  ===DefaultDestinationConfig===>  ===OrganizeByCurrentYearConfig===>  ===OrganizeByCreatedYearConfig===> 
2026-01-01 09:29:05 - INFO - Resolving filename
2026-01-01 09:29:05 - INFO -  ===ReplaceFilesConfig===> Tan.txt
2026-01-01 09:29:05 - INFO - Resolving file inclusion
2026-01-01 09:29:05 - INFO - Failed to back up the file 'C:\Users\unloc\Documents\asd\Tan.txt'. Could not resolve destination. Notify Ryan or whoever is maintaining the backup scripts. Press enter to continue.
2026-01-01 09:29:07 - INFO - Skipping Tan.txt because of SkipDestinationUndefinedConfig
2026-01-01 09:29:07 - INFO - Backed up a total of 0 files for the source C:/Users/unloc/Documents/asd
2026-01-01 09:57:10 - INFO - Backing up files from C:/Users/unloc/Documents/asd
2026-01-01 09:57:10 - INFO - Backing up C:\Users\unloc\Documents\asd\Chill.txt
2026-01-01 09:57:10 - INFO - Resolving directory
2026-01-01 09:57:10 - ERROR - The destination folder C:/Users/unloc/Documents/asdds does not exist. Did your folder structure change ? Please replace or remove your default destination folder.
2026-01-01 09:57:43 - INFO -  ===PrefixDestinationConfig===>  ===DefaultDestinationConfig===> C:/Users/unloc/Documents ===OrganizeByCurrentYearConfig===> C:/Users/unloc/Documents ===OrganizeByCreatedYearConfig===> C:/Users/unloc/Documents\2026
2026-01-01 09:57:43 - INFO - Resolving filename
2026-01-01 09:57:43 - INFO - C:/Users/unloc/Documents\2026 ===ReplaceFilesConfig===> C:/Users/unloc/Documents\2026\Chill.txt
2026-01-01 09:57:43 - INFO - Resolving file inclusion
2026-01-01 09:57:43 - INFO - Backing up from C:\Users\unloc\Documents\asd\Chill.txt to C:/Users/unloc/Documents\2026\Chill.txt
2026-01-01 09:57:43 - INFO - Backing up C:\Users\unloc\Documents\asd\Tan.txt
2026-01-01 09:57:43 - INFO - Resolving directory
2026-01-01 09:57:43 - INFO -  ===PrefixDestinationConfig===>  ===DefaultDestinationConfig===> C:/Users/unloc/Documents ===OrganizeByCurrentYearConfig===> C:/Users/unloc/Documents ===OrganizeByCreatedYearConfig===> C:/Users/unloc/Documents\2026
2026-01-01 09:57:43 - INFO - Resolving filename
2026-01-01 09:57:43 - INFO - C:/Users/unloc/Documents\2026 ===ReplaceFilesConfig===> C:/Users/unloc/Documents\2026\Tan.txt
2026-01-01 09:57:43 - INFO - Resolving file inclusion
2026-01-01 09:57:43 - INFO - Backing up from C:\Users\unloc\Documents\asd\Tan.txt to C:/Users/unloc/Documents\2026\Tan.txt
2026-01-01 09:57:43 - INFO - Backed up a total of 2 files for the source C:/Users/unloc/Documents/asd
2026-01-01 09:58:57 - INFO - Backing up files from C:/Users/unloc/Documents/asd
2026-01-01 09:58:57 - INFO - Backed up a total of 0 files for the source C:/Users/unloc/Documents/asd
2026-01-01 09:59:14 - INFO - Backing up files from C:/Users/unloc/Documents/asd
2026-01-01 09:59:14 - INFO - Backing up C:\Users\unloc\Documents\asd\asd.txt
2026-01-01 09:59:14 - INFO - Resolving directory
2026-01-01 09:59:14 - ERROR - The destination folder C:/Users/unloc/Documents/New folder does not exist. Did your folder structure change ? Please replace or remove your default destination folder.
2026-01-01 09:59:19 - INFO - Warning: OrganizeByCurrentYearConfig encounted the invalid directory: 
2026-01-01 09:59:19 - INFO - Warning: OrganizeByCreatedYearConfig encountered the invalid directory: 
2026-01-01 09:59:19 - INFO -  ===PrefixDestinationConfig===>  ===DefaultDestinationConfig===>  ===OrganizeByCurrentYearConfig===>  ===OrganizeByCreatedYearConfig===> 
2026-01-01 09:59:19 - INFO - Resolving filename
2026-01-01 09:59:19 - INFO -  ===ReplaceFilesConfig===> asd.txt
2026-01-01 09:59:19 - INFO - Resolving file inclusion
2026-01-01 09:59:19 - INFO - Failed to back up the file 'C:\Users\unloc\Documents\asd\asd.txt'. Could not resolve destination. Notify Ryan or whoever is maintaining the backup scripts. Press enter to continue.
2026-01-01 09:59:24 - INFO - Skipping asd.txt because of SkipDestinationUndefinedConfig
2026-01-01 09:59:24 - INFO - Backed up a total of 0 files for the source C:/Users/unloc/Documents/asd
